==============================================================================
 SafeBot Backend Status TUI (--tui)
==============================================================================
 MODE           : PAPER 🧪 PAPER
 PHASE/CONN     : STOPPED / DISCONNECTED (lock=OFF)
 ACCOUNT        : equity=100000.0 KRW | PnL=0.00%
 POSITION       : - | - qty=0.0
 OPEN ORDERS    : 0 (-)
 TRAFFIC LIGHT  : 🔴 RED
 LAST UPDATE    : runtime=2026-02-19 20:32:06 | tui=2026-02-21 15:53:17
==============================================================================
==============================================================================
 SafeBot Backend Status TUI (--tui)
==============================================================================
 MODE           : PAPER 🧪 PAPER
 PHASE/CONN     : STOPPED / DISCONNECTED (lock=OFF)
 ACCOUNT        : equity=100000.0 KRW | PnL=0.00%
 POSITION       : - | - qty=0.0
 OPEN ORDERS    : 0 (-)
 TRAFFIC LIGHT  : 🔴 RED
 LAST UPDATE    : runtime=2026-02-19 20:32:06 | tui=2026-02-21 15:53:07
==============================================================================
==============================================================================
 SafeBot Backend Status TUI (--tui)
==============================================================================
 MODE           : PAPER 🧪 PAPER
 PHASE/CONN     : STOPPED / DISCONNECTED (lock=OFF)
 ACCOUNT        : equity=100000.0 KRW | PnL=0.00%
 POSITION       : - | - qty=0.0
 OPEN ORDERS    : 0 (-)
 TRAFFIC LIGHT  : 🔴 RED
 LAST UPDATE    : runtime=2026-02-19 20:32:06 | tui=2026-02-21 15:53:08
==============================================================================
==============================================================================
 SafeBot Backend Status TUI (--tui)
==============================================================================
 MODE           : PAPER 🧪 PAPER
 PHASE/CONN     : STOPPED / DISCONNECTED (lock=OFF)
 ACCOUNT        : equity=100000.0 KRW | PnL=0.00%
 POSITION       : - | - qty=0.0
 OPEN ORDERS    : 0 (-)
 TRAFFIC LIGHT  : 🔴 RED
 LAST UPDATE    : runtime=2026-02-19 20:32:06 | tui=2026-02-21 15:53:10
==============================================================================
==============================================================================
 SafeBot Backend Status TUI (--tui)
==============================================================================
 MODE           : PAPER 🧪 PAPER
 PHASE/CONN     : STOPPED / DISCONNECTED (lock=OFF)
 ACCOUNT        : equity=100000.0 KRW | PnL=0.00%
 POSITION       : - | - qty=0.0
 OPEN ORDERS    : 0 (-)
 TRAFFIC LIGHT  : 🔴 RED
 LAST UPDATE    : runtime=2026-02-19 20:32:06 | tui=2026-02-21 15:53:11
==============================================================================
==============================================================================
 SafeBot Backend Status TUI (--tui)
==============================================================================
 MODE           : PAPER 🧪 PAPER
 PHASE/CONN     : STOPPED / DISCONNECTED (lock=OFF)
 ACCOUNT        : equity=100000.0 KRW | PnL=0.00%
 POSITION       : - | - qty=0.0
 OPEN ORDERS    : 0 (-)
 TRAFFIC LIGHT  : 🔴 RED
 LAST UPDATE    : runtime=2026-02-19 20:32:06 | tui=2026-02-21 15:53:13
==============================================================================
==============================================================================
 SafeBot Backend Status TUI (--tui)
==============================================================================
 MODE           : PAPER 🧪 PAPER
 PHASE/CONN     : STOPPED / DISCONNECTED (lock=OFF)
 ACCOUNT        : equity=100000.0 KRW | PnL=0.00%
 POSITION       : - | - qty=0.0
 OPEN ORDERS    : 0 (-)
 TRAFFIC LIGHT  : 🔴 RED
 LAST UPDATE    : runtime=2026-02-19 20:32:06 | tui=2026-02-21 15:53:14
==============================================================================
==============================================================================
 SafeBot Backend Status TUI (--tui)
==============================================================================
 MODE           : PAPER 🧪 PAPER
 PHASE/CONN     : STOPPED / DISCONNECTED (lock=OFF)
 ACCOUNT        : equity=100000.0 KRW | PnL=0.00%
 POSITION       : - | - qty=0.0
 OPEN ORDERS    : 0 (-)
 TRAFFIC LIGHT  : 🔴 RED
 LAST UPDATE    : runtime=2026-02-19 20:32:06 | tui=2026-02-21 15:53:16
==============================================================================
